Arguments: 
  C:\Program Files\nodejs\node.exe C:\Users\bensh\AppData\Roaming\npm\node_modules\yarn\bin\yarn.js add sass bootstrap @popperjs/core

PATH: 
  C:/Ruby30-x64/lib/ruby/gems/3.0.0/bin;C:\Users\bensh\bin;C:\Program Files\Git\mingw64\bin;C:\Program Files\Git\usr\local\bin;C:\Program Files\Git\usr\bin;C:\WINDOWS\system32;C:\WINDOWS;C:\WINDOWS\System32\Wbem;C:\WINDOWS\System32\WindowsPowerShell\v1.0;C:\WINDOWS\System32\OpenSSH;C:\Program Files\nodejs;C:\Program Files\Git\cmd;C:\Ruby30-x64\bin;C:\Users\bensh\AppData\Local\Microsoft\WindowsApps;C:\Users\bensh\AppData\Local\atom\bin;C:\Users\bensh\AppData\Local\Programs\Microsoft VS Code\bin;C:\Users\bensh\AppData\Roaming\npm;C:\Program Files\heroku\bin;C:\Program Files\Git\usr\bin\vendor_perl;C:\Program Files\Git\usr\bin\core_perl;C:\Users\bensh\.rvm\bin

Yarn version: 
  1.22.17

Node version: 
  16.13.1

Platform: 
  win32 x64

Trace: 
  Error: getaddrinfo EAI_AGAIN registry.yarnpkg.com
      at GetAddrInfoReqWrap.onlookup [as oncomplete] (node:dns:71:26)

npm manifest: 
  {
    "name": "app",
    "private": "true"
  }

yarn manifest: 
  No manifest

Lockfile: 
  No lockfile
